<?xml version="1.0" encoding="UTF-8"?>
<!-- Generated by org.testng.reporters.JUnitXMLReporter -->
<testsuite ignored="0" hostname="DESKTOP-DK11ELA" failures="0" tests="3" name="Test" time="82.943" errors="0" timestamp="2026-06-23T16:03:09 IST">
  <testcase classname="test.Create_Module_Users_Admin" name="createModule" time="34.264"/>
  <testcase classname="test.GTCC_Super_Admin_Test" name="login" time="5.57"/>
  <testcase classname="test.NSF_Module_User_Start_Registration" name="Module_User_registration" time="31.992"/>
</testsuite> <!-- Test -->
