<?xml version="1.0" encoding="UTF-8"?>
<testng-results ignored="0" total="1" passed="1" failed="0" skipped="0">
  <reporter-output>
  </reporter-output>
  <suite started-at="2026-07-05T22:07:41 IST" name="Default suite" finished-at="2026-07-05T22:08:37 IST" duration-ms="56415">
    <groups>
    </groups>
    <test started-at="2026-07-05T22:07:41 IST" name="Default test" finished-at="2026-07-05T22:08:37 IST" duration-ms="56415">
      <class name="test.NSF_Module_User_Start_Registration">
        <test-method is-config="true" signature="SetUp()[pri:0, instance:test.NSF_Module_User_Start_Registration@4504d271]" started-at="2026-07-05T22:07:41 IST" name="SetUp" finished-at="2026-07-05T22:07:50 IST" duration-ms="9348" status="PASS">
          <reporter-output>
          </reporter-output>
        </test-method> <!-- SetUp -->
        <test-method signature="Module_User_registration()[pri:0, instance:test.NSF_Module_User_Start_Registration@4504d271]" started-at="2026-07-05T22:07:50 IST" name="Module_User_registration" finished-at="2026-07-05T22:08:36 IST" duration-ms="46363" status="PASS">
          <reporter-output>
          </reporter-output>
        </test-method> <!-- Module_User_registration -->
        <test-method is-config="true" signature="close()[pri:0, instance:test.NSF_Module_User_Start_Registration@4504d271]" started-at="2026-07-05T22:08:36 IST" name="close" finished-at="2026-07-05T22:08:37 IST" duration-ms="616" status="PASS">
          <reporter-output>
          </reporter-output>
        </test-method> <!-- close -->
      </class> <!-- test.NSF_Module_User_Start_Registration -->
    </test> <!-- Default test -->
  </suite> <!-- Default suite -->
</testng-results>
